# JRE version: OpenJDK Runtime Environment Microsoft-8035246 (17.0.8+7) (build 17.0.8+7-LTS)
# Java VM: OpenJDK 64-Bit Server VM Microsoft-8035246 (17.0.8+7-LTS, mixed mode, tiered, compressed oops, compressed class ptrs, g1 gc, windows-amd64)
GC Precious Log:
 CPUs: 8 total, 8 available
 Memory: 8070M
 Large Page Support: Disabled
 NUMA Support: Disabled
 Compressed Oops: Enabled (Zero based)
 Heap Region Size: 32M
 Heap Min Capacity: 256M
 Heap Initial Capacity: 256M
 Heap Max Capacity: 3904M
 Pre-touch: Enabled
 Parallel Workers: 8
 Concurrent Workers: 2
 Concurrent Refinement Workers: 8
 Periodic GC: Disabled
Heap:
 garbage-first heap   total 3997696K, used 2276576K [0x000000070c000000, 0x0000000800000000)
  region size 32768K, 19 young (622592K), 1 survivors (32768K)
 Metaspace       used 321919K, committed 324224K, reserved 1376256K
  class space    used 58461K, committed 59520K, reserved 1048576K
GC Heap History (20 events):
Event: 134.541 GC heap before
{Heap before GC invocations=141 (full 0):
 garbage-first heap   total 2654208K, used 1857441K [0x000000070c000000, 0x0000000800000000)
  region size 32768K, 24 young (786432K), 1 survivors (32768K)
 Metaspace       used 305498K, committed 307712K, reserved 1310720K
  class space    used 55869K, committed 56832K, reserved 1048576K
}
Event: 134.545 GC heap after
{Heap after GC invocations=142 (full 0):
 garbage-first heap   total 2654208K, used 1104872K [0x000000070c000000, 0x0000000800000000)
  region size 32768K, 1 young (32768K), 1 survivors (32768K)
 Metaspace       used 305498K, committed 307712K, reserved 1310720K
  class space    used 55869K, committed 56832K, reserved 1048576K
}
Event: 135.301 GC heap before
{Heap before GC invocations=142 (full 0):
 garbage-first heap   total 2654208K, used 1858536K [0x000000070c000000, 0x0000000800000000)
  region size 32768K, 24 young (786432K), 1 survivors (32768K)
 Metaspace       used 305569K, committed 307776K, reserved 1310720K
  class space    used 55869K, committed 56832K, reserved 1048576K
}
Event: 135.305 GC heap after
{Heap after GC invocations=143 (full 0):
 garbage-first heap   total 2654208K, used 1105118K [0x000000070c000000, 0x0000000800000000)
  region size 32768K, 1 young (32768K), 1 survivors (32768K)
 Metaspace       used 305569K, committed 307776K, reserved 1310720K
  class space    used 55869K, committed 56832K, reserved 1048576K
}
Event: 139.789 GC heap before
{Heap before GC invocations=143 (full 0):
 garbage-first heap   total 2654208K, used 1858782K [0x000000070c000000, 0x0000000800000000)
  region size 32768K, 24 young (786432K), 1 survivors (32768K)
 Metaspace       used 307039K, committed 309248K, reserved 1310720K
  class space    used 56029K, committed 57024K, reserved 1048576K
}
Event: 139.990 GC heap after
{Heap after GC invocations=144 (full 0):
 garbage-first heap   total 2654208K, used 1206184K [0x000000070c000000, 0x0000000800000000)
  region size 32768K, 1 young (32768K), 1 survivors (32768K)
 Metaspace       used 307039K, committed 309248K, reserved 1310720K
  class space    used 56029K, committed 57024K, reserved 1048576K
}
Event: 143.271 GC heap before
{Heap before GC invocations=144 (full 0):
 garbage-first heap   total 2654208K, used 1959848K [0x000000070c000000, 0x0000000800000000)
  region size 32768K, 24 young (786432K), 1 survivors (32768K)
 Metaspace       used 307241K, committed 309440K, reserved 1310720K
  class space    used 56038K, committed 57024K, reserved 1048576K
}
Event: 143.474 GC heap after
{Heap after GC invocations=145 (full 0):
 garbage-first heap   total 2654208K, used 1329489K [0x000000070c000000, 0x0000000800000000)
  region size 32768K, 1 young (32768K), 1 survivors (32768K)
 Metaspace       used 307241K, committed 309440K, reserved 1310720K
  class space    used 56038K, committed 57024K, reserved 1048576K
}
Event: 145.473 GC heap before
{Heap before GC invocations=145 (full 0):
 garbage-first heap   total 2654208K, used 2083153K [0x000000070c000000, 0x0000000800000000)
  region size 32768K, 24 young (786432K), 1 survivors (32768K)
 Metaspace       used 307421K, committed 309568K, reserved 1310720K
  class space    used 56056K, committed 57024K, reserved 1048576K
}
Event: 145.693 GC heap after
{Heap after GC invocations=146 (full 0):
 garbage-first heap   total 2654208K, used 1466779K [0x000000070c000000, 0x0000000800000000)
  region size 32768K, 1 young (32768K), 1 survivors (32768K)
 Metaspace       used 307421K, committed 309568K, reserved 1310720K
  class space    used 56056K, committed 57024K, reserved 1048576K
}
Event: 147.725 GC heap before
{Heap before GC invocations=146 (full 0):
 garbage-first heap   total 2654208K, used 2220443K [0x000000070c000000, 0x0000000800000000)
  region size 32768K, 24 young (786432K), 1 survivors (32768K)
 Metaspace       used 307443K, committed 309696K, reserved 1310720K
  class space    used 56059K, committed 57024K, reserved 1048576K
}
Event: 147.900 GC heap after
{Heap after GC invocations=147 (full 0):
 garbage-first heap   total 2654208K, used 1614517K [0x000000070c000000, 0x0000000800000000)
  region size 32768K, 1 young (32768K), 1 survivors (32768K)
 Metaspace       used 307443K, committed 309696K, reserved 1310720K
  class space    used 56059K, committed 57024K, reserved 1048576K
}
Event: 152.453 GC heap before
{Heap before GC invocations=147 (full 0):
 garbage-first heap   total 2654208K, used 2368181K [0x000000070c000000, 0x0000000800000000)
  region size 32768K, 24 young (786432K), 1 survivors (32768K)
 Metaspace       used 312007K, committed 314304K, reserved 1310720K
  class space    used 56865K, committed 57920K, reserved 1048576K
}
Event: 152.606 GC heap after
{Heap after GC invocations=148 (full 0):
 garbage-first heap   total 2654208K, used 1666765K [0x000000070c000000, 0x0000000800000000)
  region size 32768K, 1 young (32768K), 1 survivors (32768K)
 Metaspace       used 312007K, committed 314304K, reserved 1310720K
  class space    used 56865K, committed 57920K, reserved 1048576K
}
Event: 153.772 GC heap before
{Heap before GC invocations=148 (full 0):
 garbage-first heap   total 2654208K, used 2420429K [0x000000070c000000, 0x0000000800000000)
  region size 32768K, 24 young (786432K), 1 survivors (32768K)
 Metaspace       used 312007K, committed 314304K, reserved 1310720K
  class space    used 56865K, committed 57920K, reserved 1048576K
}
Event: 153.828 GC heap after
{Heap after GC invocations=149 (full 0):
 garbage-first heap   total 2654208K, used 1677810K [0x000000070c000000, 0x0000000800000000)
  region size 32768K, 1 young (32768K), 1 survivors (32768K)
 Metaspace       used 312007K, committed 314304K, reserved 1310720K
  class space    used 56865K, committed 57920K, reserved 1048576K
}
Event: 154.589 GC heap before
{Heap before GC invocations=149 (full 0):
 garbage-first heap   total 2654208K, used 2431474K [0x000000070c000000, 0x0000000800000000)
  region size 32768K, 24 young (786432K), 1 survivors (32768K)
 Metaspace       used 312007K, committed 314304K, reserved 1310720K
  class space    used 56865K, committed 57920K, reserved 1048576K
}
Event: 154.616 GC heap after
{Heap after GC invocations=150 (full 0):
 garbage-first heap   total 2654208K, used 1677943K [0x000000070c000000, 0x0000000800000000)
  region size 32768K, 1 young (32768K), 1 survivors (32768K)
 Metaspace       used 312007K, committed 314304K, reserved 1310720K
  class space    used 56865K, committed 57920K, reserved 1048576K
}
Event: 167.719 GC heap before
{Heap before GC invocations=151 (full 0):
 garbage-first heap   total 3997696K, used 2431607K [0x000000070c000000, 0x0000000800000000)
  region size 32768K, 24 young (786432K), 1 survivors (32768K)
 Metaspace       used 314038K, committed 316288K, reserved 1310720K
  class space    used 57176K, committed 58176K, reserved 1048576K
}
Event: 167.850 GC heap after
{Heap after GC invocations=152 (full 0):
 garbage-first heap   total 3997696K, used 1719520K [0x000000070c000000, 0x0000000800000000)
  region size 32768K, 1 young (32768K), 1 survivors (32768K)
 Metaspace       used 314038K, committed 316288K, reserved 1310720K
  class space    used 57176K, committed 58176K, reserved 1048576K
}

