# JRE version: OpenJDK Runtime Environment Microsoft-8035246 (17.0.8+7) (build 17.0.8+7-LTS)
# Java VM: OpenJDK 64-Bit Server VM Microsoft-8035246 (17.0.8+7-LTS, mixed mode, tiered, compressed oops, compressed class ptrs, g1 gc, windows-amd64)
GC Precious Log:
 CPUs: 8 total, 8 available
 Memory: 8070M
 Large Page Support: Disabled
 NUMA Support: Disabled
 Compressed Oops: Enabled (Zero based)
 Heap Region Size: 32M
 Heap Min Capacity: 256M
 Heap Initial Capacity: 256M
 Heap Max Capacity: 3904M
 Pre-touch: Enabled
 Parallel Workers: 8
 Concurrent Workers: 2
 Concurrent Refinement Workers: 8
 Periodic GC: Disabled
Heap:
 garbage-first heap   total 3833856K, used 2526964K [0x000000070c000000, 0x0000000800000000)
  region size 32768K, 28 young (917504K), 1 survivors (32768K)
 Metaspace       used 323011K, committed 325376K, reserved 1376256K
  class space    used 58644K, committed 59712K, reserved 1048576K
GC Heap History (20 events):
Event: 145.316 GC heap before
{Heap before GC invocations=166 (full 0):
 garbage-first heap   total 2588672K, used 1878968K [0x000000070c000000, 0x0000000800000000)
  region size 32768K, 24 young (786432K), 1 survivors (32768K)
 Metaspace       used 305745K, committed 308096K, reserved 1310720K
  class space    used 55939K, committed 56960K, reserved 1048576K
}
Event: 145.320 GC heap after
{Heap after GC invocations=167 (full 0):
 garbage-first heap   total 2588672K, used 1125285K [0x000000070c000000, 0x0000000800000000)
  region size 32768K, 1 young (32768K), 1 survivors (32768K)
 Metaspace       used 305745K, committed 308096K, reserved 1310720K
  class space    used 55939K, committed 56960K, reserved 1048576K
}
Event: 146.180 GC heap before
{Heap before GC invocations=167 (full 0):
 garbage-first heap   total 2588672K, used 1846181K [0x000000070c000000, 0x0000000800000000)
  region size 32768K, 23 young (753664K), 1 survivors (32768K)
 Metaspace       used 305745K, committed 308096K, reserved 1310720K
  class space    used 55939K, committed 56960K, reserved 1048576K
}
Event: 146.237 GC heap after
{Heap after GC invocations=168 (full 0):
 garbage-first heap   total 2588672K, used 1088067K [0x000000070c000000, 0x0000000800000000)
  region size 32768K, 1 young (32768K), 1 survivors (32768K)
 Metaspace       used 305745K, committed 308096K, reserved 1310720K
  class space    used 55939K, committed 56960K, reserved 1048576K
}
Event: 149.112 GC heap before
{Heap before GC invocations=168 (full 0):
 garbage-first heap   total 2588672K, used 1808963K [0x000000070c000000, 0x0000000800000000)
  region size 32768K, 23 young (753664K), 1 survivors (32768K)
 Metaspace       used 307106K, committed 309440K, reserved 1310720K
  class space    used 56097K, committed 57152K, reserved 1048576K
}
Event: 149.258 GC heap after
{Heap after GC invocations=169 (full 0):
 garbage-first heap   total 2588672K, used 1159424K [0x000000070c000000, 0x0000000800000000)
  region size 32768K, 1 young (32768K), 1 survivors (32768K)
 Metaspace       used 307106K, committed 309440K, reserved 1310720K
  class space    used 56097K, committed 57152K, reserved 1048576K
}
Event: 151.496 GC heap before
{Heap before GC invocations=169 (full 0):
 garbage-first heap   total 2588672K, used 1880320K [0x000000070c000000, 0x0000000800000000)
  region size 32768K, 23 young (753664K), 1 survivors (32768K)
 Metaspace       used 307207K, committed 309504K, reserved 1310720K
  class space    used 56107K, committed 57152K, reserved 1048576K
}
Event: 151.666 GC heap after
{Heap after GC invocations=170 (full 0):
 garbage-first heap   total 2588672K, used 1288032K [0x000000070c000000, 0x0000000800000000)
  region size 32768K, 1 young (32768K), 1 survivors (32768K)
 Metaspace       used 307207K, committed 309504K, reserved 1310720K
  class space    used 56107K, committed 57152K, reserved 1048576K
}
Event: 153.790 GC heap before
{Heap before GC invocations=170 (full 0):
 garbage-first heap   total 2588672K, used 2008928K [0x000000070c000000, 0x0000000800000000)
  region size 32768K, 23 young (753664K), 1 survivors (32768K)
 Metaspace       used 307412K, committed 309760K, reserved 1310720K
  class space    used 56127K, committed 57152K, reserved 1048576K
}
Event: 153.930 GC heap after
{Heap after GC invocations=171 (full 0):
 garbage-first heap   total 2588672K, used 1435574K [0x000000070c000000, 0x0000000800000000)
  region size 32768K, 1 young (32768K), 1 survivors (32768K)
 Metaspace       used 307412K, committed 309760K, reserved 1310720K
  class space    used 56127K, committed 57152K, reserved 1048576K
}
Event: 155.811 GC heap before
{Heap before GC invocations=171 (full 0):
 garbage-first heap   total 2588672K, used 2156470K [0x000000070c000000, 0x0000000800000000)
  region size 32768K, 23 young (753664K), 1 survivors (32768K)
 Metaspace       used 307525K, committed 309824K, reserved 1310720K
  class space    used 56130K, committed 57152K, reserved 1048576K
}
Event: 155.959 GC heap after
{Heap after GC invocations=172 (full 0):
 garbage-first heap   total 2588672K, used 1589145K [0x000000070c000000, 0x0000000800000000)
  region size 32768K, 1 young (32768K), 1 survivors (32768K)
 Metaspace       used 307525K, committed 309824K, reserved 1310720K
  class space    used 56130K, committed 57152K, reserved 1048576K
}
Event: 160.467 GC heap before
{Heap before GC invocations=172 (full 0):
 garbage-first heap   total 2588672K, used 2277273K [0x000000070c000000, 0x0000000800000000)
  region size 32768K, 23 young (753664K), 1 survivors (32768K)
 Metaspace       used 312056K, committed 314368K, reserved 1310720K
  class space    used 56936K, committed 57984K, reserved 1048576K
}
Event: 160.594 GC heap after
{Heap after GC invocations=173 (full 0):
 garbage-first heap   total 2588672K, used 1635966K [0x000000070c000000, 0x0000000800000000)
  region size 32768K, 1 young (32768K), 1 survivors (32768K)
 Metaspace       used 312056K, committed 314368K, reserved 1310720K
  class space    used 56936K, committed 57984K, reserved 1048576K
}
Event: 162.029 GC heap before
{Heap before GC invocations=173 (full 0):
 garbage-first heap   total 2588672K, used 2356862K [0x000000070c000000, 0x0000000800000000)
  region size 32768K, 23 young (753664K), 1 survivors (32768K)
 Metaspace       used 312057K, committed 314368K, reserved 1310720K
  class space    used 56936K, committed 57984K, reserved 1048576K
}
Event: 162.085 GC heap after
{Heap after GC invocations=174 (full 0):
 garbage-first heap   total 2588672K, used 1642851K [0x000000070c000000, 0x0000000800000000)
  region size 32768K, 1 young (32768K), 1 survivors (32768K)
 Metaspace       used 312057K, committed 314368K, reserved 1310720K
  class space    used 56936K, committed 57984K, reserved 1048576K
}
Event: 163.062 GC heap before
{Heap before GC invocations=174 (full 0):
 garbage-first heap   total 2588672K, used 2363747K [0x000000070c000000, 0x0000000800000000)
  region size 32768K, 23 young (753664K), 1 survivors (32768K)
 Metaspace       used 312057K, committed 314368K, reserved 1310720K
  class space    used 56936K, committed 57984K, reserved 1048576K
}
Event: 163.065 GC heap after
{Heap after GC invocations=175 (full 0):
 garbage-first heap   total 2588672K, used 1643491K [0x000000070c000000, 0x0000000800000000)
  region size 32768K, 1 young (32768K), 1 survivors (32768K)
 Metaspace       used 312057K, committed 314368K, reserved 1310720K
  class space    used 56936K, committed 57984K, reserved 1048576K
}
Event: 174.141 GC heap before
{Heap before GC invocations=176 (full 0):
 garbage-first heap   total 3768320K, used 2364387K [0x000000070c000000, 0x0000000800000000)
  region size 32768K, 23 young (753664K), 1 survivors (32768K)
 Metaspace       used 312763K, committed 315072K, reserved 1310720K
  class space    used 57045K, committed 58048K, reserved 1048576K
}
Event: 174.251 GC heap after
{Heap after GC invocations=177 (full 0):
 garbage-first heap   total 3833856K, used 1674996K [0x000000070c000000, 0x0000000800000000)
  region size 32768K, 1 young (32768K), 1 survivors (32768K)
 Metaspace       used 312763K, committed 315072K, reserved 1310720K
  class space    used 57045K, committed 58048K, reserved 1048576K
}

